<?xml version="1.0" encoding="UTF-8"?>
<!-- Generated by org.testng.reporters.JUnitReportReporter -->
<testsuite hostname="DESKTOP-H9QN2UP" failures="0" tests="1" name="com.ds.testBase.TestBase" time="15.065" errors="0" timestamp="2023-01-29T06:44:05 GMT-08:00" skipped="0">
  <testcase classname="com.ds.testBase.TestBase" name="test" time="15.065"/>
  <system-out/>
</testsuite> <!-- com.ds.testBase.TestBase -->
