<?xml version="1.0" encoding="UTF-8"?>
<!-- Generated by org.testng.reporters.JUnitReportReporter -->
<testsuite hostname="DESKTOP-H9QN2UP" failures="0" tests="1" name="com.ds.utilities.ReadConfig" time="0.022" errors="0" timestamp="2023-02-14T03:22:38 GMT-08:00" skipped="0">
  <testcase classname="com.ds.utilities.ReadConfig" name="geturl" time="0.022"/>
  <system-out/>
</testsuite> <!-- com.ds.utilities.ReadConfig -->
