<?xml version="1.0" encoding="UTF-8"?>
<!-- Generated by org.testng.reporters.JUnitReportReporter -->
<testsuite hostname="DESKTOP-H9QN2UP" failures="0" tests="1" name="com.ds.testLayer.LoginpageTest" time="15.514" errors="0" timestamp="2023-03-09T10:15:54 GMT-08:00" skipped="0">
  <testcase classname="com.ds.testLayer.LoginpageTest" name="loginveryfication" time="15.514"/>
  <system-out/>
</testsuite> <!-- com.ds.testLayer.LoginpageTest -->
