<?xml version="1.0" encoding="UTF-8"?>
<!-- Generated by org.testng.reporters.JUnitReportReporter -->
<testsuite hostname="DESKTOP-H9QN2UP" failures="0" tests="1" name="com.ds.testLayer.LogOutTest" time="20.784" errors="0" timestamp="2023-02-19T09:01:38 GMT-08:00" skipped="0">
  <testcase classname="com.ds.testLayer.LogOutTest" name="logoutverifycation" time="20.784"/>
  <system-out/>
</testsuite> <!-- com.ds.testLayer.LogOutTest -->
